{"/Users/anthony/Projects/club-app-mono/club-app-be/club-app-worker/src/constants.ts": {"path":"/Users/anthony/Projects/club-app-mono/club-app-be/club-app-worker/src/constants.ts","statementMap":{"0":{"start":{"line":1,"column":13},"end":{"line":1,"column":null}},"1":{"start":{"line":2,"column":13},"end":{"line":2,"column":null}},"2":{"start":{"line":3,"column":13},"end":{"line":3,"column":null}},"3":{"start":{"line":4,"column":13},"end":{"line":4,"column":null}},"4":{"start":{"line":5,"column":13},"end":{"line":5,"column":null}},"5":{"start":{"line":6,"column":13},"end":{"line":6,"column":null}},"6":{"start":{"line":7,"column":13},"end":{"line":7,"column":null}},"7":{"start":{"line":8,"column":13},"end":{"line":8,"column":null}},"8":{"start":{"line":9,"column":13},"end":{"line":9,"column":null}},"9":{"start":{"line":12,"column":13},"end":{"line":12,"column":null}}},"fnMap":{},"branchMap":{"0":{"loc":{"start":{"line":6,"column":54},"end":{"line":6,"column":77}},"type":"cond-expr","locations":[{"start":{"line":6,"column":54},"end":{"line":6,"column":77}},{"start":{"line":6,"column":80},"end":{"line":6,"column":101}}]},"1":{"loc":{"start":{"line":7,"column":55},"end":{"line":7,"column":89}},"type":"cond-expr","locations":[{"start":{"line":7,"column":55},"end":{"line":7,"column":89}},{"start":{"line":7,"column":92},"end":{"line":7,"column":126}}]}},"s":{"0":2,"1":2,"2":2,"3":2,"4":2,"5":2,"6":2,"7":2,"8":2,"9":2},"f":{},"b":{"0":[2,0],"1":[2,0]}}
,"/Users/anthony/Projects/club-app-mono/club-app-be/club-app-worker/src/error_handler.ts": {"path":"/Users/anthony/Projects/club-app-mono/club-app-be/club-app-worker/src/error_handler.ts","statementMap":{"0":{"start":{"line":1,"column":0},"end":{"line":1,"column":48}},"1":{"start":{"line":2,"column":0},"end":{"line":2,"column":42}},"2":{"start":{"line":4,"column":28},"end":{"line":23,"column":1}},"3":{"start":{"line":5,"column":4},"end":{"line":10,"column":null}},"4":{"start":{"line":6,"column":8},"end":{"line":9,"column":null}},"5":{"start":{"line":11,"column":4},"end":{"line":21,"column":null}},"6":{"start":{"line":12,"column":8},"end":{"line":15,"column":null}},"7":{"start":{"line":17,"column":8},"end":{"line":17,"column":null}},"8":{"start":{"line":18,"column":8},"end":{"line":18,"column":null}},"9":{"start":{"line":19,"column":8},"end":{"line":19,"column":null}},"10":{"start":{"line":20,"column":8},"end":{"line":20,"column":null}},"11":{"start":{"line":4,"column":13},"end":{"line":4,"column":28}}},"fnMap":{"0":{"name":"(anonymous_0)","decl":{"start":{"line":4,"column":28},"end":{"line":4,"column":29}},"loc":{"start":{"line":4,"column":51},"end":{"line":23,"column":1}}}},"branchMap":{"0":{"loc":{"start":{"line":5,"column":4},"end":{"line":10,"column":null}},"type":"if","locations":[{"start":{"line":5,"column":4},"end":{"line":10,"column":null}},{"start":{"line":5,"column":4},"end":{"line":10,"column":null}}]},"1":{"loc":{"start":{"line":11,"column":4},"end":{"line":21,"column":null}},"type":"if","locations":[{"start":{"line":11,"column":4},"end":{"line":21,"column":null}},{"start":{"line":11,"column":4},"end":{"line":21,"column":null}}]}},"s":{"0":0,"1":0,"2":0,"3":0,"4":0,"5":0,"6":0,"7":0,"8":0,"9":0,"10":0,"11":0},"f":{"0":0},"b":{"0":[0,0],"1":[0,0]}}
,"/Users/anthony/Projects/club-app-mono/club-app-be/club-app-worker/src/index.ts": {"path":"/Users/anthony/Projects/club-app-mono/club-app-be/club-app-worker/src/index.ts","statementMap":{"0":{"start":{"line":1,"column":0},"end":{"line":1,"column":34}},"1":{"start":{"line":2,"column":0},"end":{"line":2,"column":46}},"2":{"start":{"line":4,"column":0},"end":{"line":6,"column":null}},"3":{"start":{"line":5,"column":2},"end":{"line":5,"column":null}}},"fnMap":{"0":{"name":"(anonymous_0)","decl":{"start":{"line":4,"column":26},"end":{"line":4,"column":31}},"loc":{"start":{"line":4,"column":42},"end":{"line":6,"column":1}}}},"branchMap":{},"s":{"0":0,"1":0,"2":0,"3":0},"f":{"0":0},"b":{}}
,"/Users/anthony/Projects/club-app-mono/club-app-be/club-app-worker/src/helpers/cors.ts": {"path":"/Users/anthony/Projects/club-app-mono/club-app-be/club-app-worker/src/helpers/cors.ts","statementMap":{"0":{"start":{"line":1,"column":20},"end":{"line":10,"column":1}},"1":{"start":{"line":2,"column":4},"end":{"line":9,"column":null}},"2":{"start":{"line":1,"column":13},"end":{"line":1,"column":20}}},"fnMap":{"0":{"name":"(anonymous_0)","decl":{"start":{"line":1,"column":20},"end":{"line":1,"column":33}},"loc":{"start":{"line":1,"column":35},"end":{"line":10,"column":1}}}},"branchMap":{},"s":{"0":1,"1":1,"2":1},"f":{"0":1},"b":{}}
,"/Users/anthony/Projects/club-app-mono/club-app-be/club-app-worker/src/helpers/crypto.ts": {"path":"/Users/anthony/Projects/club-app-mono/club-app-be/club-app-worker/src/helpers/crypto.ts","statementMap":{"0":{"start":{"line":2,"column":4},"end":{"line":2,"column":78}},"1":{"start":{"line":5,"column":34},"end":{"line":16,"column":1}},"2":{"start":{"line":6,"column":19},"end":{"line":6,"column":28}},"3":{"start":{"line":7,"column":19},"end":{"line":7,"column":42}},"4":{"start":{"line":8,"column":4},"end":{"line":8,"column":null}},"5":{"start":{"line":9,"column":17},"end":{"line":9,"column":19}},"6":{"start":{"line":11,"column":4},"end":{"line":13,"column":null}},"7":{"start":{"line":11,"column":17},"end":{"line":11,"column":18}},"8":{"start":{"line":12,"column":8},"end":{"line":12,"column":null}},"9":{"start":{"line":15,"column":4},"end":{"line":15,"column":null}},"10":{"start":{"line":5,"column":13},"end":{"line":5,"column":34}}},"fnMap":{"0":{"name":"(anonymous_0)","decl":{"start":{"line":5,"column":34},"end":{"line":5,"column":35}},"loc":{"start":{"line":5,"column":58},"end":{"line":16,"column":1}}}},"branchMap":{"0":{"loc":{"start":{"line":6,"column":19},"end":{"line":6,"column":22}},"type":"cond-expr","locations":[{"start":{"line":6,"column":19},"end":{"line":6,"column":22}},{"start":{"line":6,"column":26},"end":{"line":6,"column":28}}]},"1":{"loc":{"start":{"line":6,"column":19},"end":{"line":6,"column":26}},"type":"binary-expr","locations":[{"start":{"line":6,"column":19},"end":{"line":6,"column":26}},{"start":{"line":6,"column":19},"end":{"line":6,"column":26}}]}},"s":{"0":2,"1":2,"2":5,"3":5,"4":5,"5":5,"6":5,"7":5,"8":100,"9":5,"10":2},"f":{"0":5},"b":{"0":[5,0],"1":[5,5]}}
,"/Users/anthony/Projects/club-app-mono/club-app-be/club-app-worker/src/helpers/debug_print.ts": {"path":"/Users/anthony/Projects/club-app-mono/club-app-be/club-app-worker/src/helpers/debug_print.ts","statementMap":{"0":{"start":{"line":1,"column":0},"end":{"line":1,"column":36}},"1":{"start":{"line":3,"column":26},"end":{"line":7,"column":1}},"2":{"start":{"line":4,"column":4},"end":{"line":6,"column":null}},"3":{"start":{"line":5,"column":8},"end":{"line":5,"column":null}},"4":{"start":{"line":3,"column":13},"end":{"line":3,"column":26}}},"fnMap":{"0":{"name":"(anonymous_0)","decl":{"start":{"line":3,"column":26},"end":{"line":3,"column":27}},"loc":{"start":{"line":3,"column":52},"end":{"line":7,"column":1}}}},"branchMap":{"0":{"loc":{"start":{"line":4,"column":4},"end":{"line":6,"column":null}},"type":"if","locations":[{"start":{"line":4,"column":4},"end":{"line":6,"column":null}},{"start":{"line":4,"column":4},"end":{"line":6,"column":null}}]}},"s":{"0":0,"1":0,"2":0,"3":0,"4":0},"f":{"0":0},"b":{"0":[0,0]}}
,"/Users/anthony/Projects/club-app-mono/club-app-be/club-app-worker/src/helpers/gql_connector.ts": {"path":"/Users/anthony/Projects/club-app-mono/club-app-be/club-app-worker/src/helpers/gql_connector.ts","statementMap":{"0":{"start":{"line":1,"column":0},"end":{"line":1,"column":46}},"1":{"start":{"line":3,"column":22},"end":{"line":30,"column":1}},"2":{"start":{"line":4,"column":21},"end":{"line":11,"column":6}},"3":{"start":{"line":13,"column":4},"end":{"line":26,"column":null}},"4":{"start":{"line":14,"column":8},"end":{"line":25,"column":null}},"5":{"start":{"line":15,"column":12},"end":{"line":24,"column":null}},"6":{"start":{"line":18,"column":20},"end":{"line":22,"column":null}},"7":{"start":{"line":19,"column":24},"end":{"line":19,"column":null}},"8":{"start":{"line":21,"column":24},"end":{"line":21,"column":null}},"9":{"start":{"line":28,"column":17},"end":{"line":28,"column":38}},"10":{"start":{"line":29,"column":4},"end":{"line":29,"column":null}},"11":{"start":{"line":3,"column":13},"end":{"line":3,"column":22}}},"fnMap":{"0":{"name":"(anonymous_0)","decl":{"start":{"line":3,"column":22},"end":{"line":3,"column":27}},"loc":{"start":{"line":3,"column":59},"end":{"line":30,"column":1}}},"1":{"name":"(anonymous_1)","decl":{"start":{"line":14,"column":27},"end":{"line":14,"column":28}},"loc":{"start":{"line":14,"column":41},"end":{"line":25,"column":9}}},"2":{"name":"(anonymous_2)","decl":{"start":{"line":17,"column":22},"end":{"line":17,"column":23}},"loc":{"start":{"line":17,"column":31},"end":{"line":23,"column":17}}}},"branchMap":{"0":{"loc":{"start":{"line":13,"column":4},"end":{"line":26,"column":null}},"type":"if","locations":[{"start":{"line":13,"column":4},"end":{"line":26,"column":null}},{"start":{"line":13,"column":4},"end":{"line":26,"column":null}}]}},"s":{"0":2,"1":2,"2":0,"3":0,"4":0,"5":0,"6":0,"7":0,"8":0,"9":0,"10":0,"11":2},"f":{"0":0,"1":0,"2":0},"b":{"0":[0,0]}}
,"/Users/anthony/Projects/club-app-mono/club-app-be/club-app-worker/src/helpers/jwt.ts": {"path":"/Users/anthony/Projects/club-app-mono/club-app-be/club-app-worker/src/helpers/jwt.ts","statementMap":{"0":{"start":{"line":1,"column":0},"end":{"line":1,"column":30}},"1":{"start":{"line":2,"column":0},"end":{"line":2,"column":48}},"2":{"start":{"line":4,"column":15},"end":{"line":4,"column":25}},"3":{"start":{"line":6,"column":25},"end":{"line":19,"column":1}},"4":{"start":{"line":7,"column":4},"end":{"line":9,"column":null}},"5":{"start":{"line":8,"column":8},"end":{"line":8,"column":null}},"6":{"start":{"line":11,"column":4},"end":{"line":18,"column":null}},"7":{"start":{"line":12,"column":8},"end":{"line":15,"column":null}},"8":{"start":{"line":17,"column":8},"end":{"line":17,"column":null}},"9":{"start":{"line":6,"column":13},"end":{"line":6,"column":25}},"10":{"start":{"line":21,"column":25},"end":{"line":27,"column":1}},"11":{"start":{"line":22,"column":4},"end":{"line":26,"column":null}},"12":{"start":{"line":21,"column":13},"end":{"line":21,"column":25}}},"fnMap":{"0":{"name":"(anonymous_1)","decl":{"start":{"line":6,"column":25},"end":{"line":6,"column":26}},"loc":{"start":{"line":6,"column":94},"end":{"line":19,"column":1}}},"1":{"name":"(anonymous_2)","decl":{"start":{"line":21,"column":25},"end":{"line":21,"column":26}},"loc":{"start":{"line":21,"column":94},"end":{"line":27,"column":1}}}},"branchMap":{"0":{"loc":{"start":{"line":6,"column":60},"end":{"line":6,"column":65}},"type":"default-arg","locations":[{"start":{"line":6,"column":60},"end":{"line":6,"column":65}}]},"1":{"loc":{"start":{"line":7,"column":4},"end":{"line":9,"column":null}},"type":"if","locations":[{"start":{"line":7,"column":4},"end":{"line":9,"column":null}},{"start":{"line":7,"column":4},"end":{"line":9,"column":null}}]},"2":{"loc":{"start":{"line":23,"column":12},"end":{"line":23,"column":16}},"type":"cond-expr","locations":[{"start":{"line":23,"column":12},"end":{"line":23,"column":16}},{"start":{"line":23,"column":20},"end":{"line":23,"column":22}}]},"3":{"loc":{"start":{"line":23,"column":12},"end":{"line":23,"column":20}},"type":"binary-expr","locations":[{"start":{"line":23,"column":12},"end":{"line":23,"column":20}},{"start":{"line":23,"column":12},"end":{"line":23,"column":20}}]}},"s":{"0":2,"1":2,"2":2,"3":2,"4":0,"5":0,"6":0,"7":0,"8":0,"9":2,"10":2,"11":6,"12":2},"f":{"0":0,"1":6},"b":{"0":[0],"1":[0,0],"2":[0,6],"3":[6,6]}}
,"/Users/anthony/Projects/club-app-mono/club-app-be/club-app-worker/src/helpers/read_json_body.ts": {"path":"/Users/anthony/Projects/club-app-mono/club-app-be/club-app-worker/src/helpers/read_json_body.ts","statementMap":{"0":{"start":{"line":1,"column":0},"end":{"line":1,"column":48}},"1":{"start":{"line":3,"column":28},"end":{"line":10,"column":1}},"2":{"start":{"line":4,"column":4},"end":{"line":9,"column":null}},"3":{"start":{"line":5,"column":18},"end":{"line":5,"column":34}},"4":{"start":{"line":6,"column":8},"end":{"line":6,"column":null}},"5":{"start":{"line":8,"column":8},"end":{"line":8,"column":null}},"6":{"start":{"line":3,"column":13},"end":{"line":3,"column":28}}},"fnMap":{"0":{"name":"(anonymous_0)","decl":{"start":{"line":3,"column":28},"end":{"line":3,"column":33}},"loc":{"start":{"line":3,"column":85},"end":{"line":10,"column":1}}}},"branchMap":{},"s":{"0":1,"1":1,"2":0,"3":0,"4":0,"5":0,"6":1},"f":{"0":0},"b":{}}
,"/Users/anthony/Projects/club-app-mono/club-app-be/club-app-worker/src/helpers/simple_route.ts": {"path":"/Users/anthony/Projects/club-app-mono/club-app-be/club-app-worker/src/helpers/simple_route.ts","statementMap":{"0":{"start":{"line":1,"column":0},"end":{"line":1,"column":47}},"1":{"start":{"line":4,"column":27},"end":{"line":7,"column":1}},"2":{"start":{"line":5,"column":17},"end":{"line":5,"column":55}},"3":{"start":{"line":6,"column":4},"end":{"line":6,"column":null}},"4":{"start":{"line":4,"column":13},"end":{"line":4,"column":27}}},"fnMap":{"0":{"name":"(anonymous_0)","decl":{"start":{"line":4,"column":27},"end":{"line":4,"column":32}},"loc":{"start":{"line":4,"column":133},"end":{"line":7,"column":1}}}},"branchMap":{},"s":{"0":1,"1":1,"2":0,"3":0,"4":1},"f":{"0":0},"b":{}}
,"/Users/anthony/Projects/club-app-mono/club-app-be/club-app-worker/src/helpers/status_error.ts": {"path":"/Users/anthony/Projects/club-app-mono/club-app-be/club-app-worker/src/helpers/status_error.ts","statementMap":{"0":{"start":{"line":5,"column":8},"end":{"line":5,"column":null}},"1":{"start":{"line":6,"column":8},"end":{"line":6,"column":null}},"2":{"start":{"line":1,"column":0},"end":{"line":1,"column":13}}},"fnMap":{"0":{"name":"(anonymous_0)","decl":{"start":{"line":4,"column":4},"end":{"line":4,"column":16}},"loc":{"start":{"line":4,"column":48},"end":{"line":7,"column":5}}}},"branchMap":{},"s":{"0":0,"1":0,"2":0},"f":{"0":0},"b":{}}
,"/Users/anthony/Projects/club-app-mono/club-app-be/club-app-worker/src/helpers/types.ts": {"path":"/Users/anthony/Projects/club-app-mono/club-app-be/club-app-worker/src/helpers/types.ts","statementMap":{"0":{"start":{"line":1,"column":0},"end":{"line":1,"column":33}},"1":{"start":{"line":3,"column":18},"end":{"line":3,"column":101}},"2":{"start":{"line":5,"column":13},"end":{"line":5,"column":null}}},"fnMap":{},"branchMap":{},"s":{"0":1,"1":1,"2":1},"f":{},"b":{}}
,"/Users/anthony/Projects/club-app-mono/club-app-be/club-app-worker/src/helpers/uuid_validator.ts": {"path":"/Users/anthony/Projects/club-app-mono/club-app-be/club-app-worker/src/helpers/uuid_validator.ts","statementMap":{"0":{"start":{"line":1,"column":22},"end":{"line":1,"column":155}},"1":{"start":{"line":1,"column":49},"end":{"line":1,"column":155}},"2":{"start":{"line":1,"column":13},"end":{"line":1,"column":22}}},"fnMap":{"0":{"name":"(anonymous_0)","decl":{"start":{"line":1,"column":22},"end":{"line":1,"column":23}},"loc":{"start":{"line":1,"column":49},"end":{"line":1,"column":155}}}},"branchMap":{"0":{"loc":{"start":{"line":1,"column":143},"end":{"line":1,"column":147}},"type":"cond-expr","locations":[{"start":{"line":1,"column":143},"end":{"line":1,"column":147}},{"start":{"line":1,"column":150},"end":{"line":1,"column":155}}]}},"s":{"0":0,"1":0,"2":0},"f":{"0":0},"b":{"0":[0,0]}}
,"/Users/anthony/Projects/club-app-mono/club-app-be/club-app-worker/src/routers/frontend.ts": {"path":"/Users/anthony/Projects/club-app-mono/club-app-be/club-app-worker/src/routers/frontend.ts","statementMap":{"0":{"start":{"line":1,"column":0},"end":{"line":1,"column":70}},"1":{"start":{"line":2,"column":0},"end":{"line":2,"column":36}},"2":{"start":{"line":3,"column":0},"end":{"line":3,"column":44}},"3":{"start":{"line":5,"column":13},"end":{"line":5,"column":null}},"4":{"start":{"line":8,"column":36},"end":{"line":8,"column":38}},"5":{"start":{"line":10,"column":4},"end":{"line":26,"column":null}},"6":{"start":{"line":12,"column":8},"end":{"line":14,"column":null}},"7":{"start":{"line":13,"column":12},"end":{"line":13,"column":null}},"8":{"start":{"line":18,"column":25},"end":{"line":18,"column":65}},"9":{"start":{"line":19,"column":8},"end":{"line":23,"column":null}},"10":{"start":{"line":20,"column":12},"end":{"line":20,"column":null}},"11":{"start":{"line":21,"column":29},"end":{"line":21,"column":46}},"12":{"start":{"line":22,"column":12},"end":{"line":22,"column":null}},"13":{"start":{"line":25,"column":8},"end":{"line":25,"column":null}},"14":{"start":{"line":28,"column":2},"end":{"line":45,"column":null}},"15":{"start":{"line":29,"column":4},"end":{"line":33,"column":null}},"16":{"start":{"line":30,"column":6},"end":{"line":32,"column":null}},"17":{"start":{"line":34,"column":4},"end":{"line":34,"column":null}},"18":{"start":{"line":36,"column":4},"end":{"line":42,"column":null}},"19":{"start":{"line":37,"column":29},"end":{"line":39,"column":6}},"20":{"start":{"line":38,"column":34},"end":{"line":38,"column":89}},"21":{"start":{"line":41,"column":4},"end":{"line":41,"column":null}},"22":{"start":{"line":44,"column":4},"end":{"line":44,"column":null}},"23":{"start":{"line":49,"column":23},"end":{"line":49,"column":83}},"24":{"start":{"line":49,"column":46},"end":{"line":49,"column":83}},"25":{"start":{"line":52,"column":0},"end":{"line":52,"column":null}},"26":{"start":{"line":52,"column":45},"end":{"line":52,"column":66}}},"fnMap":{"0":{"name":"handleEvent","decl":{"start":{"line":7,"column":15},"end":{"line":7,"column":26}},"loc":{"start":{"line":7,"column":44},"end":{"line":46,"column":1}}},"1":{"name":"(anonymous_1)","decl":{"start":{"line":10,"column":32},"end":{"line":10,"column":33}},"loc":{"start":{"line":10,"column":40},"end":{"line":26,"column":5}}},"2":{"name":"(anonymous_2)","decl":{"start":{"line":38,"column":27},"end":{"line":38,"column":30}},"loc":{"start":{"line":38,"column":34},"end":{"line":38,"column":89}}},"3":{"name":"(anonymous_3)","decl":{"start":{"line":49,"column":23},"end":{"line":49,"column":24}},"loc":{"start":{"line":49,"column":46},"end":{"line":49,"column":83}}},"4":{"name":"(anonymous_4)","decl":{"start":{"line":52,"column":19},"end":{"line":52,"column":20}},"loc":{"start":{"line":52,"column":45},"end":{"line":52,"column":66}}}},"branchMap":{"0":{"loc":{"start":{"line":12,"column":8},"end":{"line":14,"column":null}},"type":"if","locations":[{"start":{"line":12,"column":8},"end":{"line":14,"column":null}},{"start":{"line":12,"column":8},"end":{"line":14,"column":null}}]},"1":{"loc":{"start":{"line":18,"column":49},"end":{"line":18,"column":53}},"type":"cond-expr","locations":[{"start":{"line":18,"column":49},"end":{"line":18,"column":53}},{"start":{"line":18,"column":53},"end":{"line":18,"column":65}}]},"2":{"loc":{"start":{"line":18,"column":25},"end":{"line":18,"column":53}},"type":"binary-expr","locations":[{"start":{"line":18,"column":25},"end":{"line":18,"column":53}},{"start":{"line":18,"column":49},"end":{"line":18,"column":53}}]},"3":{"loc":{"start":{"line":19,"column":8},"end":{"line":23,"column":null}},"type":"if","locations":[{"start":{"line":19,"column":8},"end":{"line":23,"column":null}},{"start":{"line":19,"column":8},"end":{"line":23,"column":null}}]},"4":{"loc":{"start":{"line":20,"column":48},"end":{"line":20,"column":52}},"type":"cond-expr","locations":[{"start":{"line":20,"column":48},"end":{"line":20,"column":52}},{"start":{"line":20,"column":52},"end":{"line":20,"column":54}}]},"5":{"loc":{"start":{"line":20,"column":24},"end":{"line":20,"column":52}},"type":"binary-expr","locations":[{"start":{"line":20,"column":24},"end":{"line":20,"column":52}},{"start":{"line":20,"column":48},"end":{"line":20,"column":52}}]},"6":{"loc":{"start":{"line":29,"column":4},"end":{"line":33,"column":null}},"type":"if","locations":[{"start":{"line":29,"column":4},"end":{"line":33,"column":null}},{"start":{"line":29,"column":4},"end":{"line":33,"column":null}}]},"7":{"loc":{"start":{"line":36,"column":4},"end":{"line":42,"column":null}},"type":"if","locations":[{"start":{"line":36,"column":4},"end":{"line":42,"column":null}},{"start":{"line":36,"column":4},"end":{"line":42,"column":null}}]},"8":{"loc":{"start":{"line":44,"column":24},"end":{"line":44,"column":33}},"type":"binary-expr","locations":[{"start":{"line":44,"column":24},"end":{"line":44,"column":33}},{"start":{"line":44,"column":37},"end":{"line":44,"column":49}}]}},"s":{"0":1,"1":1,"2":1,"3":1,"4":0,"5":0,"6":0,"7":0,"8":0,"9":0,"10":0,"11":0,"12":0,"13":0,"14":0,"15":0,"16":0,"17":0,"18":0,"19":0,"20":0,"21":0,"22":0,"23":1,"24":0,"25":1,"26":0},"f":{"0":0,"1":0,"2":0,"3":0,"4":0},"b":{"0":[0,0],"1":[0,0],"2":[0,0],"3":[0,0],"4":[0,0],"5":[0,0],"6":[0,0],"7":[0,0],"8":[0,0]}}
,"/Users/anthony/Projects/club-app-mono/club-app-be/club-app-worker/src/routers/index.ts": {"path":"/Users/anthony/Projects/club-app-mono/club-app-be/club-app-worker/src/routers/index.ts","statementMap":{"0":{"start":{"line":1,"column":0},"end":{"line":1,"column":48}},"1":{"start":{"line":2,"column":0},"end":{"line":2,"column":36}},"2":{"start":{"line":3,"column":0},"end":{"line":3,"column":38}},"3":{"start":{"line":4,"column":0},"end":{"line":4,"column":46}},"4":{"start":{"line":5,"column":0},"end":{"line":5,"column":42}},"5":{"start":{"line":6,"column":0},"end":{"line":6,"column":48}},"6":{"start":{"line":7,"column":0},"end":{"line":7,"column":36}},"7":{"start":{"line":9,"column":20},"end":{"line":9,"column":28}},"8":{"start":{"line":11,"column":0},"end":{"line":18,"column":null}},"9":{"start":{"line":15,"column":26},"end":{"line":15,"column":46}},"10":{"start":{"line":17,"column":4},"end":{"line":17,"column":null}},"11":{"start":{"line":20,"column":0},"end":{"line":26,"column":null}},"12":{"start":{"line":21,"column":2},"end":{"line":21,"column":null}},"13":{"start":{"line":23,"column":2},"end":{"line":25,"column":null}},"14":{"start":{"line":24,"column":4},"end":{"line":24,"column":null}},"15":{"start":{"line":28,"column":13},"end":{"line":28,"column":null}}},"fnMap":{"0":{"name":"(anonymous_0)","decl":{"start":{"line":15,"column":20},"end":{"line":15,"column":23}},"loc":{"start":{"line":15,"column":26},"end":{"line":15,"column":46}}},"1":{"name":"(anonymous_1)","decl":{"start":{"line":16,"column":17},"end":{"line":16,"column":20}},"loc":{"start":{"line":16,"column":22},"end":{"line":18,"column":3}}},"2":{"name":"(anonymous_2)","decl":{"start":{"line":23,"column":23},"end":{"line":23,"column":26}},"loc":{"start":{"line":23,"column":28},"end":{"line":25,"column":3}}}},"branchMap":{"0":{"loc":{"start":{"line":20,"column":0},"end":{"line":26,"column":null}},"type":"if","locations":[{"start":{"line":20,"column":0},"end":{"line":26,"column":null}},{"start":{"line":20,"column":0},"end":{"line":26,"column":null}}]}},"s":{"0":1,"1":1,"2":1,"3":1,"4":1,"5":1,"6":1,"7":1,"8":1,"9":1,"10":1,"11":1,"12":0,"13":1,"14":0,"15":1},"f":{"0":1,"1":1,"2":0},"b":{"0":[0,1]}}
,"/Users/anthony/Projects/club-app-mono/club-app-be/club-app-worker/src/routers/auth/gql_queries.ts": {"path":"/Users/anthony/Projects/club-app-mono/club-app-be/club-app-worker/src/routers/auth/gql_queries.ts","statementMap":{"0":{"start":{"line":1,"column":0},"end":{"line":1,"column":52}},"1":{"start":{"line":10,"column":27},"end":{"line":20,"column":1}},"2":{"start":{"line":11,"column":21},"end":{"line":17,"column":6}},"3":{"start":{"line":19,"column":4},"end":{"line":19,"column":null}},"4":{"start":{"line":10,"column":13},"end":{"line":10,"column":27}},"5":{"start":{"line":22,"column":28},"end":{"line":33,"column":1}},"6":{"start":{"line":23,"column":22},"end":{"line":30,"column":6}},"7":{"start":{"line":32,"column":4},"end":{"line":32,"column":null}},"8":{"start":{"line":22,"column":13},"end":{"line":22,"column":28}},"9":{"start":{"line":35,"column":23},"end":{"line":61,"column":1}},"10":{"start":{"line":36,"column":19},"end":{"line":47,"column":null}},"11":{"start":{"line":50,"column":33},"end":{"line":58,"column":6}},"12":{"start":{"line":60,"column":4},"end":{"line":60,"column":null}},"13":{"start":{"line":35,"column":13},"end":{"line":35,"column":23}}},"fnMap":{"0":{"name":"(anonymous_0)","decl":{"start":{"line":10,"column":27},"end":{"line":10,"column":32}},"loc":{"start":{"line":10,"column":80},"end":{"line":20,"column":1}}},"1":{"name":"(anonymous_1)","decl":{"start":{"line":22,"column":28},"end":{"line":22,"column":33}},"loc":{"start":{"line":22,"column":73},"end":{"line":33,"column":1}}},"2":{"name":"(anonymous_2)","decl":{"start":{"line":35,"column":23},"end":{"line":35,"column":28}},"loc":{"start":{"line":35,"column":91},"end":{"line":61,"column":1}}}},"branchMap":{"0":{"loc":{"start":{"line":19,"column":28},"end":{"line":19,"column":32}},"type":"cond-expr","locations":[{"start":{"line":19,"column":28},"end":{"line":19,"column":32}},{"start":{"line":19,"column":32},"end":{"line":19,"column":36}}]},"1":{"loc":{"start":{"line":19,"column":12},"end":{"line":19,"column":32}},"type":"binary-expr","locations":[{"start":{"line":19,"column":12},"end":{"line":19,"column":32}},{"start":{"line":19,"column":28},"end":{"line":19,"column":32}}]},"2":{"loc":{"start":{"line":32,"column":20},"end":{"line":32,"column":24}},"type":"cond-expr","locations":[{"start":{"line":32,"column":20},"end":{"line":32,"column":24}},{"start":{"line":32,"column":24},"end":{"line":32,"column":28}}]},"3":{"loc":{"start":{"line":32,"column":12},"end":{"line":32,"column":24}},"type":"binary-expr","locations":[{"start":{"line":32,"column":12},"end":{"line":32,"column":24}},{"start":{"line":32,"column":20},"end":{"line":32,"column":24}}]},"4":{"loc":{"start":{"line":36,"column":27},"end":{"line":42,"column":6}},"type":"cond-expr","locations":[{"start":{"line":36,"column":27},"end":{"line":42,"column":6}},{"start":{"line":42,"column":8},"end":{"line":47,"column":null}}]},"5":{"loc":{"start":{"line":60,"column":63},"end":{"line":60,"column":67}},"type":"cond-expr","locations":[{"start":{"line":60,"column":63},"end":{"line":60,"column":67}},{"start":{"line":60,"column":67},"end":{"line":60,"column":76}}]},"6":{"loc":{"start":{"line":60,"column":41},"end":{"line":60,"column":67}},"type":"binary-expr","locations":[{"start":{"line":60,"column":41},"end":{"line":60,"column":67}},{"start":{"line":60,"column":63},"end":{"line":60,"column":67}}]}},"s":{"0":2,"1":2,"2":0,"3":0,"4":2,"5":2,"6":0,"7":0,"8":2,"9":2,"10":0,"11":0,"12":0,"13":2},"f":{"0":0,"1":0,"2":0},"b":{"0":[0,0],"1":[0,0],"2":[0,0],"3":[0,0],"4":[0,0],"5":[0,0],"6":[0,0]}}
,"/Users/anthony/Projects/club-app-mono/club-app-be/club-app-worker/src/routers/auth/handlers.ts": {"path":"/Users/anthony/Projects/club-app-mono/club-app-be/club-app-worker/src/routers/auth/handlers.ts","statementMap":{"0":{"start":{"line":1,"column":0},"end":{"line":1,"column":54}},"1":{"start":{"line":4,"column":0},"end":{"line":4,"column":104}},"2":{"start":{"line":5,"column":0},"end":{"line":5,"column":53}},"3":{"start":{"line":6,"column":0},"end":{"line":6,"column":57}},"4":{"start":{"line":7,"column":0},"end":{"line":7,"column":67}},"5":{"start":{"line":9,"column":29},"end":{"line":35,"column":1}},"6":{"start":{"line":11,"column":4},"end":{"line":17,"column":null}},"7":{"start":{"line":13,"column":12},"end":{"line":13,"column":null}},"8":{"start":{"line":14,"column":12},"end":{"line":14,"column":17}},"9":{"start":{"line":16,"column":12},"end":{"line":16,"column":null}},"10":{"start":{"line":19,"column":15},"end":{"line":19,"column":49}},"11":{"start":{"line":21,"column":4},"end":{"line":23,"column":null}},"12":{"start":{"line":22,"column":8},"end":{"line":22,"column":null}},"13":{"start":{"line":25,"column":28},"end":{"line":25,"column":50}},"14":{"start":{"line":27,"column":4},"end":{"line":27,"column":null}},"15":{"start":{"line":29,"column":19},"end":{"line":29,"column":47}},"16":{"start":{"line":30,"column":4},"end":{"line":34,"column":null}},"17":{"start":{"line":9,"column":13},"end":{"line":9,"column":29}},"18":{"start":{"line":37,"column":28},"end":{"line":55,"column":1}},"19":{"start":{"line":39,"column":4},"end":{"line":48,"column":null}},"20":{"start":{"line":40,"column":8},"end":{"line":40,"column":null}},"21":{"start":{"line":43,"column":8},"end":{"line":47,"column":null}},"22":{"start":{"line":44,"column":12},"end":{"line":44,"column":null}},"23":{"start":{"line":46,"column":12},"end":{"line":46,"column":null}},"24":{"start":{"line":50,"column":4},"end":{"line":54,"column":null}},"25":{"start":{"line":51,"column":8},"end":{"line":51,"column":null}},"26":{"start":{"line":53,"column":8},"end":{"line":53,"column":90}},"27":{"start":{"line":37,"column":13},"end":{"line":37,"column":28}}},"fnMap":{"0":{"name":"(anonymous_0)","decl":{"start":{"line":9,"column":29},"end":{"line":9,"column":34}},"loc":{"start":{"line":9,"column":99},"end":{"line":35,"column":1}}},"1":{"name":"(anonymous_1)","decl":{"start":{"line":37,"column":28},"end":{"line":37,"column":33}},"loc":{"start":{"line":37,"column":102},"end":{"line":55,"column":1}}}},"branchMap":{"0":{"loc":{"start":{"line":12,"column":8},"end":{"line":14,"column":17}},"type":"switch","locations":[{"start":{"line":12,"column":8},"end":{"line":14,"column":17}},{"start":{"line":15,"column":8},"end":{"line":16,"column":null}}]},"1":{"loc":{"start":{"line":21,"column":4},"end":{"line":23,"column":null}},"type":"if","locations":[{"start":{"line":21,"column":4},"end":{"line":23,"column":null}},{"start":{"line":21,"column":4},"end":{"line":23,"column":null}}]},"2":{"loc":{"start":{"line":43,"column":8},"end":{"line":47,"column":null}},"type":"if","locations":[{"start":{"line":43,"column":8},"end":{"line":47,"column":null}},{"start":{"line":43,"column":8},"end":{"line":47,"column":null}}]},"3":{"loc":{"start":{"line":50,"column":4},"end":{"line":54,"column":null}},"type":"if","locations":[{"start":{"line":50,"column":4},"end":{"line":54,"column":null}},{"start":{"line":50,"column":4},"end":{"line":54,"column":null}}]}},"s":{"0":2,"1":2,"2":2,"3":2,"4":2,"5":2,"6":5,"7":5,"8":5,"9":0,"10":5,"11":5,"12":4,"13":5,"14":5,"15":5,"16":5,"17":2,"18":2,"19":2,"20":2,"21":1,"22":0,"23":1,"24":1,"25":1,"26":0,"27":2},"f":{"0":5,"1":2},"b":{"0":[5,0],"1":[4,1],"2":[0,1],"3":[1,0]}}
,"/Users/anthony/Projects/club-app-mono/club-app-be/club-app-worker/src/routers/auth/helpers.ts": {"path":"/Users/anthony/Projects/club-app-mono/club-app-be/club-app-worker/src/routers/auth/helpers.ts","statementMap":{"0":{"start":{"line":1,"column":0},"end":{"line":1,"column":109}},"1":{"start":{"line":2,"column":0},"end":{"line":2,"column":48}},"2":{"start":{"line":3,"column":0},"end":{"line":3,"column":45}},"3":{"start":{"line":4,"column":0},"end":{"line":4,"column":30}},"4":{"start":{"line":20,"column":39},"end":{"line":82,"column":1}},"5":{"start":{"line":21,"column":18},"end":{"line":21,"column":36}},"6":{"start":{"line":24,"column":4},"end":{"line":32,"column":null}},"7":{"start":{"line":25,"column":8},"end":{"line":25,"column":null}},"8":{"start":{"line":27,"column":8},"end":{"line":31,"column":null}},"9":{"start":{"line":28,"column":12},"end":{"line":28,"column":null}},"10":{"start":{"line":30,"column":12},"end":{"line":30,"column":null}},"11":{"start":{"line":34,"column":26},"end":{"line":34,"column":61}},"12":{"start":{"line":36,"column":4},"end":{"line":48,"column":null}},"13":{"start":{"line":37,"column":21},"end":{"line":37,"column":48}},"14":{"start":{"line":39,"column":8},"end":{"line":39,"column":null}},"15":{"start":{"line":41,"column":23},"end":{"line":43,"column":37}},"16":{"start":{"line":42,"column":25},"end":{"line":42,"column":49}},"17":{"start":{"line":45,"column":8},"end":{"line":47,"column":null}},"18":{"start":{"line":51,"column":4},"end":{"line":58,"column":null}},"19":{"start":{"line":52,"column":8},"end":{"line":55,"column":null}},"20":{"start":{"line":57,"column":8},"end":{"line":57,"column":null}},"21":{"start":{"line":61,"column":52},"end":{"line":61,"column":54}},"22":{"start":{"line":62,"column":4},"end":{"line":62,"column":null}},"23":{"start":{"line":64,"column":4},"end":{"line":67,"column":null}},"24":{"start":{"line":65,"column":8},"end":{"line":66,"column":null}},"25":{"start":{"line":69,"column":4},"end":{"line":75,"column":null}},"26":{"start":{"line":70,"column":8},"end":{"line":70,"column":null}},"27":{"start":{"line":72,"column":8},"end":{"line":74,"column":null}},"28":{"start":{"line":73,"column":12},"end":{"line":73,"column":null}},"29":{"start":{"line":77,"column":4},"end":{"line":79,"column":null}},"30":{"start":{"line":78,"column":8},"end":{"line":78,"column":null}},"31":{"start":{"line":81,"column":4},"end":{"line":81,"column":null}},"32":{"start":{"line":20,"column":13},"end":{"line":20,"column":39}},"33":{"start":{"line":85,"column":33},"end":{"line":96,"column":1}},"34":{"start":{"line":86,"column":4},"end":{"line":88,"column":null}},"35":{"start":{"line":87,"column":8},"end":{"line":87,"column":null}},"36":{"start":{"line":89,"column":36},"end":{"line":89,"column":59}},"37":{"start":{"line":91,"column":4},"end":{"line":93,"column":null}},"38":{"start":{"line":92,"column":8},"end":{"line":92,"column":null}},"39":{"start":{"line":95,"column":4},"end":{"line":95,"column":null}},"40":{"start":{"line":85,"column":13},"end":{"line":85,"column":33}},"41":{"start":{"line":98,"column":35},"end":{"line":107,"column":1}},"42":{"start":{"line":99,"column":4},"end":{"line":106,"column":null}},"43":{"start":{"line":98,"column":13},"end":{"line":98,"column":35}}},"fnMap":{"0":{"name":"(anonymous_1)","decl":{"start":{"line":20,"column":39},"end":{"line":20,"column":44}},"loc":{"start":{"line":20,"column":87},"end":{"line":82,"column":1}}},"1":{"name":"(anonymous_2)","decl":{"start":{"line":42,"column":18},"end":{"line":42,"column":19}},"loc":{"start":{"line":42,"column":25},"end":{"line":42,"column":49}}},"2":{"name":"(anonymous_3)","decl":{"start":{"line":85,"column":33},"end":{"line":85,"column":34}},"loc":{"start":{"line":85,"column":70},"end":{"line":96,"column":1}}},"3":{"name":"(anonymous_4)","decl":{"start":{"line":98,"column":35},"end":{"line":98,"column":36}},"loc":{"start":{"line":98,"column":58},"end":{"line":107,"column":1}}}},"branchMap":{"0":{"loc":{"start":{"line":24,"column":4},"end":{"line":32,"column":null}},"type":"if","locations":[{"start":{"line":24,"column":4},"end":{"line":32,"column":null}},{"start":{"line":24,"column":4},"end":{"line":32,"column":null}}]},"1":{"loc":{"start":{"line":36,"column":4},"end":{"line":48,"column":null}},"type":"if","locations":[{"start":{"line":36,"column":4},"end":{"line":48,"column":null}},{"start":{"line":36,"column":4},"end":{"line":48,"column":null}}]},"2":{"loc":{"start":{"line":42,"column":50},"end":{"line":42,"column":null}},"type":"cond-expr","locations":[{"start":{"line":42,"column":50},"end":{"line":42,"column":null}},{"start":{"line":42,"column":50},"end":{"line":43,"column":37}}]},"3":{"loc":{"start":{"line":41,"column":23},"end":{"line":42,"column":null}},"type":"binary-expr","locations":[{"start":{"line":41,"column":23},"end":{"line":42,"column":null}},{"start":{"line":42,"column":50},"end":{"line":42,"column":null}}]},"4":{"loc":{"start":{"line":41,"column":56},"end":{"line":41,"column":58}},"type":"cond-expr","locations":[{"start":{"line":41,"column":56},"end":{"line":41,"column":58}},{"start":{"line":41,"column":56},"end":{"line":42,"column":50}}]},"5":{"loc":{"start":{"line":41,"column":23},"end":{"line":41,"column":58}},"type":"binary-expr","locations":[{"start":{"line":41,"column":23},"end":{"line":41,"column":58}},{"start":{"line":41,"column":56},"end":{"line":41,"column":58}}]},"6":{"loc":{"start":{"line":64,"column":4},"end":{"line":67,"column":null}},"type":"if","locations":[{"start":{"line":64,"column":4},"end":{"line":67,"column":null}},{"start":{"line":64,"column":4},"end":{"line":67,"column":null}}]},"7":{"loc":{"start":{"line":64,"column":8},"end":{"line":64,"column":29}},"type":"binary-expr","locations":[{"start":{"line":64,"column":8},"end":{"line":64,"column":29}},{"start":{"line":64,"column":33},"end":{"line":64,"column":55}}]},"8":{"loc":{"start":{"line":69,"column":4},"end":{"line":75,"column":null}},"type":"if","locations":[{"start":{"line":69,"column":4},"end":{"line":75,"column":null}},{"start":{"line":69,"column":4},"end":{"line":75,"column":null}}]},"9":{"loc":{"start":{"line":72,"column":8},"end":{"line":74,"column":null}},"type":"if","locations":[{"start":{"line":72,"column":8},"end":{"line":74,"column":null}},{"start":{"line":72,"column":8},"end":{"line":74,"column":null}}]},"10":{"loc":{"start":{"line":77,"column":4},"end":{"line":79,"column":null}},"type":"if","locations":[{"start":{"line":77,"column":4},"end":{"line":79,"column":null}},{"start":{"line":77,"column":4},"end":{"line":79,"column":null}}]},"11":{"loc":{"start":{"line":86,"column":4},"end":{"line":88,"column":null}},"type":"if","locations":[{"start":{"line":86,"column":4},"end":{"line":88,"column":null}},{"start":{"line":86,"column":4},"end":{"line":88,"column":null}}]},"12":{"loc":{"start":{"line":91,"column":4},"end":{"line":93,"column":null}},"type":"if","locations":[{"start":{"line":91,"column":4},"end":{"line":93,"column":null}},{"start":{"line":91,"column":4},"end":{"line":93,"column":null}}]},"13":{"loc":{"start":{"line":91,"column":8},"end":{"line":91,"column":24}},"type":"binary-expr","locations":[{"start":{"line":91,"column":8},"end":{"line":91,"column":24}},{"start":{"line":91,"column":28},"end":{"line":91,"column":43}}]}},"s":{"0":2,"1":2,"2":2,"3":2,"4":2,"5":0,"6":0,"7":0,"8":0,"9":0,"10":0,"11":0,"12":0,"13":0,"14":0,"15":0,"16":0,"17":0,"18":0,"19":0,"20":0,"21":0,"22":0,"23":0,"24":0,"25":0,"26":0,"27":0,"28":0,"29":0,"30":0,"31":0,"32":2,"33":2,"34":0,"35":0,"36":0,"37":0,"38":0,"39":0,"40":2,"41":2,"42":6,"43":2},"f":{"0":0,"1":0,"2":0,"3":6},"b":{"0":[0,0],"1":[0,0],"2":[0,0],"3":[0,0],"4":[0,0],"5":[0,0],"6":[0,0],"7":[0,0],"8":[0,0],"9":[0,0],"10":[0,0],"11":[0,0],"12":[0,0],"13":[0,0]}}
,"/Users/anthony/Projects/club-app-mono/club-app-be/club-app-worker/src/routers/auth/router.ts": {"path":"/Users/anthony/Projects/club-app-mono/club-app-be/club-app-worker/src/routers/auth/router.ts","statementMap":{"0":{"start":{"line":1,"column":0},"end":{"line":1,"column":36}},"1":{"start":{"line":2,"column":0},"end":{"line":2,"column":59}},"2":{"start":{"line":3,"column":0},"end":{"line":3,"column":56}},"3":{"start":{"line":4,"column":0},"end":{"line":4,"column":56}},"4":{"start":{"line":6,"column":13},"end":{"line":8,"column":null}},"5":{"start":{"line":10,"column":0},"end":{"line":10,"column":null}},"6":{"start":{"line":10,"column":39},"end":{"line":10,"column":89}},"7":{"start":{"line":11,"column":0},"end":{"line":11,"column":null}},"8":{"start":{"line":11,"column":52},"end":{"line":11,"column":98}}},"fnMap":{"0":{"name":"(anonymous_0)","decl":{"start":{"line":10,"column":21},"end":{"line":10,"column":22}},"loc":{"start":{"line":10,"column":39},"end":{"line":10,"column":89}}},"1":{"name":"(anonymous_1)","decl":{"start":{"line":11,"column":28},"end":{"line":11,"column":33}},"loc":{"start":{"line":11,"column":52},"end":{"line":11,"column":98}}}},"branchMap":{},"s":{"0":1,"1":1,"2":1,"3":1,"4":1,"5":1,"6":0,"7":1,"8":0},"f":{"0":0,"1":0},"b":{}}
,"/Users/anthony/Projects/club-app-mono/club-app-be/club-app-worker/src/routers/auth/types.ts": {"path":"/Users/anthony/Projects/club-app-mono/club-app-be/club-app-worker/src/routers/auth/types.ts","statementMap":{"0":{"start":{"line":1,"column":0},"end":{"line":1,"column":57}},"1":{"start":{"line":3,"column":23},"end":{"line":5,"column":null}},"2":{"start":{"line":8,"column":13},"end":{"line":11,"column":null}},"3":{"start":{"line":13,"column":13},"end":{"line":16,"column":null}}},"fnMap":{},"branchMap":{},"s":{"0":1,"1":1,"2":1,"3":1},"f":{},"b":{}}
,"/Users/anthony/Projects/club-app-mono/club-app-be/club-app-worker/src/routers/gateway/handlers.ts": {"path":"/Users/anthony/Projects/club-app-mono/club-app-be/club-app-worker/src/routers/gateway/handlers.ts","statementMap":{"0":{"start":{"line":1,"column":0},"end":{"line":1,"column":45}},"1":{"start":{"line":3,"column":0},"end":{"line":3,"column":56}},"2":{"start":{"line":5,"column":0},"end":{"line":5,"column":55}},"3":{"start":{"line":6,"column":0},"end":{"line":6,"column":57}},"4":{"start":{"line":8,"column":28},"end":{"line":14,"column":1}},"5":{"start":{"line":9,"column":16},"end":{"line":9,"column":104}},"6":{"start":{"line":11,"column":4},"end":{"line":11,"column":null}},"7":{"start":{"line":13,"column":4},"end":{"line":13,"column":null}},"8":{"start":{"line":8,"column":13},"end":{"line":8,"column":28}},"9":{"start":{"line":16,"column":31},"end":{"line":28,"column":1}},"10":{"start":{"line":19,"column":16},"end":{"line":19,"column":110}},"11":{"start":{"line":21,"column":4},"end":{"line":25,"column":null}},"12":{"start":{"line":22,"column":8},"end":{"line":22,"column":null}},"13":{"start":{"line":27,"column":4},"end":{"line":27,"column":null}},"14":{"start":{"line":16,"column":13},"end":{"line":16,"column":31}},"15":{"start":{"line":30,"column":28},"end":{"line":43,"column":1}},"16":{"start":{"line":31,"column":16},"end":{"line":31,"column":104}},"17":{"start":{"line":33,"column":23},"end":{"line":33,"column":54}},"18":{"start":{"line":35,"column":4},"end":{"line":37,"column":null}},"19":{"start":{"line":36,"column":8},"end":{"line":36,"column":null}},"20":{"start":{"line":39,"column":4},"end":{"line":42,"column":null}},"21":{"start":{"line":41,"column":14},"end":{"line":41,"column":33}},"22":{"start":{"line":30,"column":13},"end":{"line":30,"column":28}}},"fnMap":{"0":{"name":"(anonymous_0)","decl":{"start":{"line":8,"column":28},"end":{"line":8,"column":33}},"loc":{"start":{"line":8,"column":93},"end":{"line":14,"column":1}}},"1":{"name":"(anonymous_1)","decl":{"start":{"line":16,"column":31},"end":{"line":16,"column":36}},"loc":{"start":{"line":16,"column":96},"end":{"line":28,"column":1}}},"2":{"name":"(anonymous_2)","decl":{"start":{"line":30,"column":28},"end":{"line":30,"column":33}},"loc":{"start":{"line":30,"column":102},"end":{"line":43,"column":1}}},"3":{"name":"(anonymous_3)","decl":{"start":{"line":41,"column":8},"end":{"line":41,"column":11}},"loc":{"start":{"line":41,"column":14},"end":{"line":41,"column":33}}}},"branchMap":{"0":{"loc":{"start":{"line":35,"column":4},"end":{"line":37,"column":null}},"type":"if","locations":[{"start":{"line":35,"column":4},"end":{"line":37,"column":null}},{"start":{"line":35,"column":4},"end":{"line":37,"column":null}}]}},"s":{"0":1,"1":1,"2":1,"3":1,"4":1,"5":0,"6":0,"7":0,"8":1,"9":1,"10":0,"11":0,"12":0,"13":0,"14":1,"15":1,"16":0,"17":0,"18":0,"19":0,"20":0,"21":0,"22":1},"f":{"0":0,"1":0,"2":0,"3":0},"b":{"0":[0,0]}}
,"/Users/anthony/Projects/club-app-mono/club-app-be/club-app-worker/src/routers/gateway/message_handlers.ts": {"path":"/Users/anthony/Projects/club-app-mono/club-app-be/club-app-worker/src/routers/gateway/message_handlers.ts","statementMap":{"0":{"start":{"line":4,"column":36},"end":{"line":8,"column":1}},"1":{"start":{"line":5,"column":4},"end":{"line":5,"column":null}},"2":{"start":{"line":7,"column":4},"end":{"line":7,"column":null}},"3":{"start":{"line":4,"column":13},"end":{"line":4,"column":36}}},"fnMap":{"0":{"name":"(anonymous_0)","decl":{"start":{"line":4,"column":36},"end":{"line":4,"column":41}},"loc":{"start":{"line":4,"column":106},"end":{"line":8,"column":1}}}},"branchMap":{},"s":{"0":1,"1":0,"2":0,"3":1},"f":{"0":0},"b":{}}
,"/Users/anthony/Projects/club-app-mono/club-app-be/club-app-worker/src/routers/gateway/router.ts": {"path":"/Users/anthony/Projects/club-app-mono/club-app-be/club-app-worker/src/routers/gateway/router.ts","statementMap":{"0":{"start":{"line":1,"column":0},"end":{"line":1,"column":36}},"1":{"start":{"line":3,"column":0},"end":{"line":3,"column":56}},"2":{"start":{"line":4,"column":0},"end":{"line":4,"column":72}},"3":{"start":{"line":5,"column":0},"end":{"line":5,"column":55}},"4":{"start":{"line":7,"column":13},"end":{"line":9,"column":null}},"5":{"start":{"line":11,"column":0},"end":{"line":11,"column":null}},"6":{"start":{"line":11,"column":49},"end":{"line":11,"column":90}},"7":{"start":{"line":12,"column":0},"end":{"line":12,"column":null}},"8":{"start":{"line":12,"column":52},"end":{"line":12,"column":96}},"9":{"start":{"line":13,"column":0},"end":{"line":13,"column":null}},"10":{"start":{"line":13,"column":49},"end":{"line":13,"column":99}}},"fnMap":{"0":{"name":"(anonymous_0)","decl":{"start":{"line":11,"column":31},"end":{"line":11,"column":32}},"loc":{"start":{"line":11,"column":49},"end":{"line":11,"column":90}}},"1":{"name":"(anonymous_1)","decl":{"start":{"line":12,"column":34},"end":{"line":12,"column":35}},"loc":{"start":{"line":12,"column":52},"end":{"line":12,"column":96}}},"2":{"name":"(anonymous_2)","decl":{"start":{"line":13,"column":31},"end":{"line":13,"column":32}},"loc":{"start":{"line":13,"column":49},"end":{"line":13,"column":99}}}},"branchMap":{},"s":{"0":1,"1":1,"2":1,"3":1,"4":1,"5":1,"6":0,"7":1,"8":0,"9":1,"10":0},"f":{"0":0,"1":0,"2":0},"b":{}}
,"/Users/anthony/Projects/club-app-mono/club-app-be/club-app-worker/src/routers/gateway/types.ts": {"path":"/Users/anthony/Projects/club-app-mono/club-app-be/club-app-worker/src/routers/gateway/types.ts","statementMap":{"0":{"start":{"line":2,"column":0},"end":{"line":2,"column":64}},"1":{"start":{"line":3,"column":0},"end":{"line":3,"column":42}},"2":{"start":{"line":5,"column":21},"end":{"line":7,"column":null}},"3":{"start":{"line":10,"column":13},"end":{"line":17,"column":null}},"4":{"start":{"line":19,"column":16},"end":{"line":21,"column":2}},"5":{"start":{"line":24,"column":13},"end":{"line":29,"column":null}},"6":{"start":{"line":30,"column":13},"end":{"line":34,"column":null}},"7":{"start":{"line":36,"column":13},"end":{"line":36,"column":null}}},"fnMap":{},"branchMap":{},"s":{"0":1,"1":1,"2":1,"3":1,"4":1,"5":1,"6":1,"7":1},"f":{},"b":{}}
,"/Users/anthony/Projects/club-app-mono/club-app-be/club-app-worker/src/sender/send_to_ws.ts": {"path":"/Users/anthony/Projects/club-app-mono/club-app-be/club-app-worker/src/sender/send_to_ws.ts","statementMap":{"0":{"start":{"line":1,"column":0},"end":{"line":1,"column":48}},"1":{"start":{"line":3,"column":0},"end":{"line":3,"column":45}},"2":{"start":{"line":6,"column":24},"end":{"line":18,"column":1}},"3":{"start":{"line":7,"column":27},"end":{"line":7,"column":53}},"4":{"start":{"line":9,"column":4},"end":{"line":11,"column":null}},"5":{"start":{"line":10,"column":8},"end":{"line":10,"column":null}},"6":{"start":{"line":13,"column":21},"end":{"line":13,"column":93}},"7":{"start":{"line":14,"column":4},"end":{"line":17,"column":null}},"8":{"start":{"line":6,"column":13},"end":{"line":6,"column":24}}},"fnMap":{"0":{"name":"(anonymous_0)","decl":{"start":{"line":6,"column":24},"end":{"line":6,"column":29}},"loc":{"start":{"line":6,"column":98},"end":{"line":18,"column":1}}}},"branchMap":{"0":{"loc":{"start":{"line":9,"column":4},"end":{"line":11,"column":null}},"type":"if","locations":[{"start":{"line":9,"column":4},"end":{"line":11,"column":null}},{"start":{"line":9,"column":4},"end":{"line":11,"column":null}}]}},"s":{"0":0,"1":0,"2":0,"3":0,"4":0,"5":0,"6":0,"7":0,"8":0},"f":{"0":0},"b":{"0":[0,0]}}
,"/Users/anthony/Projects/club-app-mono/club-app-be/club-app-worker/src/sender/sendable_messages.ts": {"path":"/Users/anthony/Projects/club-app-mono/club-app-be/club-app-worker/src/sender/sendable_messages.ts","statementMap":{"0":{"start":{"line":1,"column":0},"end":{"line":1,"column":49}},"1":{"start":{"line":3,"column":25},"end":{"line":3,"column":52}},"2":{"start":{"line":5,"column":13},"end":{"line":7,"column":null}}},"fnMap":{},"branchMap":{},"s":{"0":0,"1":0,"2":0},"f":{},"b":{}}
}
